Reading netlist file: "D:\Hardware\FPGA\Demo\nixie_tube_38\impl\gwsynthesis\nixie_tube_38.vg"
Parsing netlist file "D:\Hardware\FPGA\Demo\nixie_tube_38\impl\gwsynthesis\nixie_tube_38.vg" completed
Processing netlist completed
Reading constraint file: "D:\Hardware\FPGA\Demo\nixie_tube_38\src\nixie_tube_38.cst"
Physical Constraint parsed completed
Running placement......
[10%] Placement Phase 0 completed
[20%] Placement Phase 1 completed
[30%] Placement Phase 2 completed
[50%] Placement Phase 3 completed
Running routing......
[60%] Routing Phase 0 completed
[70%] Routing Phase 1 completed
[80%] Routing Phase 2 completed
[90%] Routing Phase 3 completed
Running timing analysis......
[95%] Timing analysis completed
Placement and routing completed
Bitstream generation in progress......
Bitstream generation completed
Running power analysis......
[100%] Power analysis completed
Generate file "D:\Hardware\FPGA\Demo\nixie_tube_38\impl\pnr\nixie_tube_38.power.html" completed
Generate file "D:\Hardware\FPGA\Demo\nixie_tube_38\impl\pnr\nixie_tube_38.pin.html" completed
Generate file "D:\Hardware\FPGA\Demo\nixie_tube_38\impl\pnr\nixie_tube_38.rpt.html" completed
Generate file "D:\Hardware\FPGA\Demo\nixie_tube_38\impl\pnr\nixie_tube_38.rpt.txt" completed
Generate file "D:\Hardware\FPGA\Demo\nixie_tube_38\impl\pnr\nixie_tube_38.tr.html" completed
Thu Mar 03 15:38:05 2022

