Reading netlist file: "D:\Hardware\FPGA\LED_prj\impl\gwsynthesis\LED_prj.vg"
Parsing netlist file "D:\Hardware\FPGA\LED_prj\impl\gwsynthesis\LED_prj.vg" completed
Processing netlist completed
Reading constraint file: "D:\Hardware\FPGA\LED_prj\src\LED_prj.cst"
Physical Constraint parsed completed
Running placement......
[10%] Placement Phase 0 completed
[20%] Placement Phase 1 completed
[30%] Placement Phase 2 completed
[50%] Placement Phase 3 completed
Running routing......
[60%] Routing Phase 0 completed
[70%] Routing Phase 1 completed
[80%] Routing Phase 2 completed
[90%] Routing Phase 3 completed
Running timing analysis......
[95%] Timing analysis completed
Placement and routing completed
Bitstream generation in progress......
Bitstream generation completed
Running power analysis......
[100%] Power analysis completed
Generate file "D:\Hardware\FPGA\LED_prj\impl\pnr\LED_prj.power.html" completed
Generate file "D:\Hardware\FPGA\LED_prj\impl\pnr\LED_prj.pin.html" completed
Generate file "D:\Hardware\FPGA\LED_prj\impl\pnr\LED_prj.rpt.html" completed
Generate file "D:\Hardware\FPGA\LED_prj\impl\pnr\LED_prj.rpt.txt" completed
Generate file "D:\Hardware\FPGA\LED_prj\impl\pnr\LED_prj.tr.html" completed
Thu Feb 24 00:14:51 2022

